<?xml version="1.0" encoding="UTF-8"?>
<testng-results skipped="0" failed="0" total="0" passed="0">
  <reporter-output>
  </reporter-output>
  <suite name="BDD Test Suite" duration-ms="71" started-at="2020-07-25T10:07:51Z" finished-at="2020-07-25T10:07:51Z">
    <groups>
      <group name="cucumber">
        <method signature="TestRunner.feature(cucumber.api.testng.CucumberFeatureWrapper)[pri:0, instance:runner.TestRunner@553f17c]" name="feature" class="runner.TestRunner"/>
      </group> <!-- cucumber -->
    </groups>
    <test name="Test Suite" duration-ms="71" started-at="2020-07-25T10:07:51Z" finished-at="2020-07-25T10:07:51Z">
      <class name="runner.TestRunner">
        <test-method status="PASS" signature="setUpClass(java.lang.String, java.lang.String)[pri:0, instance:runner.TestRunner@553f17c]" name="setUpClass" is-config="true" duration-ms="35997" started-at="2020-07-25T15:37:15Z" finished-at="2020-07-25T15:37:51Z">
          <params>
            <param index="0">
              <value>
                <![CDATA[Chrome]]>
              </value>
            </param>
            <param index="1">
              <value>
                <![CDATA[Test]]>
              </value>
            </param>
          </params>
          <reporter-output>
          </reporter-output>
        </test-method> <!-- setUpClass -->
        <test-method status="PASS" signature="tearDownClass()[pri:0, instance:runner.TestRunner@553f17c]" name="tearDownClass" is-config="true" duration-ms="698" started-at="2020-07-25T15:37:51Z" finished-at="2020-07-25T15:37:52Z">
          <reporter-output>
          </reporter-output>
        </test-method> <!-- tearDownClass -->
      </class> <!-- runner.TestRunner -->
    </test> <!-- Test Suite -->
  </suite> <!-- BDD Test Suite -->
</testng-results>
